2022-10-12 17:20:38,809:INFO:PyCaret Supervised Module
2022-10-12 17:20:38,809:INFO:ML Usecase: classification
2022-10-12 17:20:38,809:INFO:version 2.3.10
2022-10-12 17:20:38,809:INFO:Initializing setup()
2022-10-12 17:20:38,809:INFO:setup(target=app_complete_flag, ml_usecase=classification, available_plots={'parameter': 'Hyperparameters', 'auc': 'AUC', 'confusion_matrix': 'Confusion Matrix', 'threshold': 'Threshold', 'pr': 'Precision Recall', 'error': 'Prediction Error', 'class_report': 'Class Report', 'rfe': 'Feature Selection', 'learning': 'Learning Curve', 'manifold': 'Manifold Learning', 'calibration': 'Calibration Curve', 'vc': 'Validation Curve', 'dimension': 'Dimensions', 'feature': 'Feature Importance', 'feature_all': 'Feature Importance (All)', 'boundary': 'Decision Boundary', 'lift': 'Lift Chart', 'gain': 'Gain Chart', 'tree': 'Decision Tree', 'ks': 'KS Statistic Plot'}, train_size=0.7, test_data=None, preprocess=True, imputation_type=simple, iterative_imputation_iters=5, categorical_features=None, categorical_imputation=constant, categorical_iterative_imputer=lightgbm, ordinal_features=None, high_cardinality_features=None, high_cardinality_method=frequency, numeric_features=None, numeric_imputation=mean, numeric_iterative_imputer=lightgbm, date_features=None, ignore_features=None, normalize=False, normalize_method=zscore, transformation=False, transformation_method=yeo-johnson, handle_unknown_categorical=True, unknown_categorical_method=least_frequent, pca=False, pca_method=linear, pca_components=None, ignore_low_variance=False, combine_rare_levels=False, rare_level_threshold=0.1, bin_numeric_features=None, remove_outliers=False, outliers_threshold=0.05, remove_multicollinearity=False, multicollinearity_threshold=0.9, remove_perfect_collinearity=True, create_clusters=False, cluster_iter=20, polynomial_features=False, polynomial_degree=2, trigonometry_features=False, polynomial_threshold=0.1, group_features=None, group_names=None, feature_selection=False, feature_selection_threshold=0.8, feature_selection_method=classic, feature_interaction=False, feature_ratio=False, interaction_threshold=0.01, fix_imbalance=False, fix_imbalance_method=None, transform_target=False, transform_target_method=box-cox, data_split_shuffle=True, data_split_stratify=False, fold_strategy=stratifiedkfold, fold=10, fold_shuffle=False, fold_groups=None, n_jobs=-1, use_gpu=False, custom_pipeline=None, html=True, session_id=None, log_experiment=False, experiment_name=None, experiment_custom_tags=None, log_plots=False, log_profile=False, log_data=False, silent=False, verbose=True, profile=False, profile_kwargs=None, display=None)
2022-10-12 17:20:38,809:INFO:Checking environment
2022-10-12 17:20:38,809:INFO:python_version: 3.9.12
2022-10-12 17:20:38,809:INFO:python_build: ('main', 'Apr  5 2022 06:56:58')
2022-10-12 17:20:38,809:INFO:machine: x86_64
2022-10-12 17:20:38,809:INFO:platform: Linux-5.15.0-50-generic-x86_64-with-glibc2.35
2022-10-12 17:20:38,809:INFO:Memory: svmem(total=16700116992, available=6561472512, percent=60.7, used=9475854336, free=1506045952, active=1743491072, inactive=12163231744, buffers=424632320, cached=5293584384, shared=326008832, slab=773353472)
2022-10-12 17:20:38,810:INFO:Physical Core: 6
2022-10-12 17:20:38,810:INFO:Logical Core: 12
2022-10-12 17:20:38,810:INFO:Checking libraries
2022-10-12 17:20:38,810:INFO:pd==1.4.2
2022-10-12 17:20:38,810:INFO:numpy==1.21.5
2022-10-12 17:20:38,810:INFO:sklearn==1.0.2
2022-10-12 17:21:36,696:INFO:PyCaret Supervised Module
2022-10-12 17:21:36,696:INFO:ML Usecase: classification
2022-10-12 17:21:36,696:INFO:version 2.3.10
2022-10-12 17:21:36,696:INFO:Initializing setup()
2022-10-12 17:21:36,696:INFO:setup(target=app_complete_flag, ml_usecase=classification, available_plots={'parameter': 'Hyperparameters', 'auc': 'AUC', 'confusion_matrix': 'Confusion Matrix', 'threshold': 'Threshold', 'pr': 'Precision Recall', 'error': 'Prediction Error', 'class_report': 'Class Report', 'rfe': 'Feature Selection', 'learning': 'Learning Curve', 'manifold': 'Manifold Learning', 'calibration': 'Calibration Curve', 'vc': 'Validation Curve', 'dimension': 'Dimensions', 'feature': 'Feature Importance', 'feature_all': 'Feature Importance (All)', 'boundary': 'Decision Boundary', 'lift': 'Lift Chart', 'gain': 'Gain Chart', 'tree': 'Decision Tree', 'ks': 'KS Statistic Plot'}, train_size=0.7, test_data=None, preprocess=True, imputation_type=simple, iterative_imputation_iters=5, categorical_features=None, categorical_imputation=constant, categorical_iterative_imputer=lightgbm, ordinal_features=None, high_cardinality_features=None, high_cardinality_method=frequency, numeric_features=None, numeric_imputation=mean, numeric_iterative_imputer=lightgbm, date_features=None, ignore_features=None, normalize=False, normalize_method=zscore, transformation=False, transformation_method=yeo-johnson, handle_unknown_categorical=True, unknown_categorical_method=least_frequent, pca=False, pca_method=linear, pca_components=None, ignore_low_variance=False, combine_rare_levels=False, rare_level_threshold=0.1, bin_numeric_features=None, remove_outliers=False, outliers_threshold=0.05, remove_multicollinearity=False, multicollinearity_threshold=0.9, remove_perfect_collinearity=True, create_clusters=False, cluster_iter=20, polynomial_features=False, polynomial_degree=2, trigonometry_features=False, polynomial_threshold=0.1, group_features=None, group_names=None, feature_selection=False, feature_selection_threshold=0.8, feature_selection_method=classic, feature_interaction=False, feature_ratio=False, interaction_threshold=0.01, fix_imbalance=False, fix_imbalance_method=None, transform_target=False, transform_target_method=box-cox, data_split_shuffle=True, data_split_stratify=False, fold_strategy=stratifiedkfold, fold=10, fold_shuffle=False, fold_groups=None, n_jobs=-1, use_gpu=False, custom_pipeline=None, html=True, session_id=None, log_experiment=False, experiment_name=None, experiment_custom_tags=None, log_plots=False, log_profile=False, log_data=False, silent=False, verbose=True, profile=False, profile_kwargs=None, display=None)
2022-10-12 17:21:36,696:INFO:Checking environment
2022-10-12 17:21:36,696:INFO:python_version: 3.9.12
2022-10-12 17:21:36,696:INFO:python_build: ('main', 'Apr  5 2022 06:56:58')
2022-10-12 17:21:36,696:INFO:machine: x86_64
2022-10-12 17:21:36,696:INFO:platform: Linux-5.15.0-50-generic-x86_64-with-glibc2.35
2022-10-12 17:21:36,697:INFO:Memory: svmem(total=16700116992, available=6502727680, percent=61.1, used=9564905472, free=1397661696, active=1754578944, inactive=12259614720, buffers=427675648, cached=5309874176, shared=295702528, slab=780357632)
2022-10-12 17:21:36,697:INFO:Physical Core: 6
2022-10-12 17:21:36,697:INFO:Logical Core: 12
2022-10-12 17:21:36,697:INFO:Checking libraries
2022-10-12 17:21:36,697:INFO:pd==1.4.2
2022-10-12 17:21:36,697:INFO:numpy==1.21.5
2022-10-12 17:21:36,697:INFO:sklearn==1.0.2
2022-10-12 17:21:44,614:INFO:PyCaret Supervised Module
2022-10-12 17:21:44,614:INFO:ML Usecase: classification
2022-10-12 17:21:44,614:INFO:version 2.3.10
2022-10-12 17:21:44,614:INFO:Initializing setup()
2022-10-12 17:21:44,614:INFO:setup(target=app_complete_flag, ml_usecase=classification, available_plots={'parameter': 'Hyperparameters', 'auc': 'AUC', 'confusion_matrix': 'Confusion Matrix', 'threshold': 'Threshold', 'pr': 'Precision Recall', 'error': 'Prediction Error', 'class_report': 'Class Report', 'rfe': 'Feature Selection', 'learning': 'Learning Curve', 'manifold': 'Manifold Learning', 'calibration': 'Calibration Curve', 'vc': 'Validation Curve', 'dimension': 'Dimensions', 'feature': 'Feature Importance', 'feature_all': 'Feature Importance (All)', 'boundary': 'Decision Boundary', 'lift': 'Lift Chart', 'gain': 'Gain Chart', 'tree': 'Decision Tree', 'ks': 'KS Statistic Plot'}, train_size=0.7, test_data=None, preprocess=True, imputation_type=simple, iterative_imputation_iters=5, categorical_features=None, categorical_imputation=constant, categorical_iterative_imputer=lightgbm, ordinal_features=None, high_cardinality_features=None, high_cardinality_method=frequency, numeric_features=None, numeric_imputation=mean, numeric_iterative_imputer=lightgbm, date_features=None, ignore_features=None, normalize=False, normalize_method=zscore, transformation=False, transformation_method=yeo-johnson, handle_unknown_categorical=True, unknown_categorical_method=least_frequent, pca=False, pca_method=linear, pca_components=None, ignore_low_variance=False, combine_rare_levels=False, rare_level_threshold=0.1, bin_numeric_features=None, remove_outliers=False, outliers_threshold=0.05, remove_multicollinearity=False, multicollinearity_threshold=0.9, remove_perfect_collinearity=True, create_clusters=False, cluster_iter=20, polynomial_features=False, polynomial_degree=2, trigonometry_features=False, polynomial_threshold=0.1, group_features=None, group_names=None, feature_selection=False, feature_selection_threshold=0.8, feature_selection_method=classic, feature_interaction=False, feature_ratio=False, interaction_threshold=0.01, fix_imbalance=False, fix_imbalance_method=None, transform_target=False, transform_target_method=box-cox, data_split_shuffle=True, data_split_stratify=False, fold_strategy=stratifiedkfold, fold=10, fold_shuffle=False, fold_groups=None, n_jobs=-1, use_gpu=False, custom_pipeline=None, html=True, session_id=None, log_experiment=False, experiment_name=None, experiment_custom_tags=None, log_plots=False, log_profile=False, log_data=False, silent=False, verbose=True, profile=False, profile_kwargs=None, display=None)
2022-10-12 17:21:44,614:INFO:Checking environment
2022-10-12 17:21:44,614:INFO:python_version: 3.9.12
2022-10-12 17:21:44,614:INFO:python_build: ('main', 'Apr  5 2022 06:56:58')
2022-10-12 17:21:44,614:INFO:machine: x86_64
2022-10-12 17:21:44,614:INFO:platform: Linux-5.15.0-50-generic-x86_64-with-glibc2.35
2022-10-12 17:21:44,614:INFO:Memory: svmem(total=16700116992, available=6442512384, percent=61.4, used=9625104384, free=1337315328, active=1754841088, inactive=12314775552, buffers=427810816, cached=5309886464, shared=295706624, slab=780410880)
2022-10-12 17:21:44,615:INFO:Physical Core: 6
2022-10-12 17:21:44,615:INFO:Logical Core: 12
2022-10-12 17:21:44,615:INFO:Checking libraries
2022-10-12 17:21:44,615:INFO:pd==1.4.2
2022-10-12 17:21:44,615:INFO:numpy==1.21.5
2022-10-12 17:21:44,615:INFO:sklearn==1.0.2
2022-10-12 17:35:43,295:INFO:PyCaret Supervised Module
2022-10-12 17:35:43,295:INFO:ML Usecase: classification
2022-10-12 17:35:43,295:INFO:version 2.3.10
2022-10-12 17:35:43,295:INFO:Initializing setup()
2022-10-12 17:35:43,296:INFO:setup(target=app_complete_flag, ml_usecase=classification, available_plots={'parameter': 'Hyperparameters', 'auc': 'AUC', 'confusion_matrix': 'Confusion Matrix', 'threshold': 'Threshold', 'pr': 'Precision Recall', 'error': 'Prediction Error', 'class_report': 'Class Report', 'rfe': 'Feature Selection', 'learning': 'Learning Curve', 'manifold': 'Manifold Learning', 'calibration': 'Calibration Curve', 'vc': 'Validation Curve', 'dimension': 'Dimensions', 'feature': 'Feature Importance', 'feature_all': 'Feature Importance (All)', 'boundary': 'Decision Boundary', 'lift': 'Lift Chart', 'gain': 'Gain Chart', 'tree': 'Decision Tree', 'ks': 'KS Statistic Plot'}, train_size=0.7, test_data=None, preprocess=True, imputation_type=simple, iterative_imputation_iters=5, categorical_features=None, categorical_imputation=constant, categorical_iterative_imputer=lightgbm, ordinal_features=None, high_cardinality_features=None, high_cardinality_method=frequency, numeric_features=None, numeric_imputation=mean, numeric_iterative_imputer=lightgbm, date_features=None, ignore_features=None, normalize=False, normalize_method=zscore, transformation=False, transformation_method=yeo-johnson, handle_unknown_categorical=True, unknown_categorical_method=least_frequent, pca=False, pca_method=linear, pca_components=None, ignore_low_variance=False, combine_rare_levels=False, rare_level_threshold=0.1, bin_numeric_features=None, remove_outliers=False, outliers_threshold=0.05, remove_multicollinearity=False, multicollinearity_threshold=0.9, remove_perfect_collinearity=True, create_clusters=False, cluster_iter=20, polynomial_features=False, polynomial_degree=2, trigonometry_features=False, polynomial_threshold=0.1, group_features=None, group_names=None, feature_selection=False, feature_selection_threshold=0.8, feature_selection_method=classic, feature_interaction=False, feature_ratio=False, interaction_threshold=0.01, fix_imbalance=False, fix_imbalance_method=None, transform_target=False, transform_target_method=box-cox, data_split_shuffle=True, data_split_stratify=False, fold_strategy=stratifiedkfold, fold=10, fold_shuffle=False, fold_groups=None, n_jobs=-1, use_gpu=False, custom_pipeline=None, html=True, session_id=None, log_experiment=False, experiment_name=None, experiment_custom_tags=None, log_plots=False, log_profile=False, log_data=False, silent=False, verbose=True, profile=False, profile_kwargs=None, display=None)
2022-10-12 17:35:43,296:INFO:Checking environment
2022-10-12 17:35:43,296:INFO:python_version: 3.9.12
2022-10-12 17:35:43,296:INFO:python_build: ('main', 'Apr  5 2022 06:56:58')
2022-10-12 17:35:43,296:INFO:machine: x86_64
2022-10-12 17:35:43,296:INFO:platform: Linux-5.15.0-50-generic-x86_64-with-glibc2.35
2022-10-12 17:35:43,296:INFO:Memory: svmem(total=16700116992, available=6256857088, percent=62.5, used=9781813248, free=1110011904, active=1773436928, inactive=12500262912, buffers=443973632, cached=5364318208, shared=324648960, slab=807337984)
2022-10-12 17:35:43,296:INFO:Physical Core: 6
2022-10-12 17:35:43,296:INFO:Logical Core: 12
2022-10-12 17:35:43,296:INFO:Checking libraries
2022-10-12 17:35:43,296:INFO:pd==1.4.2
2022-10-12 17:35:43,296:INFO:numpy==1.21.5
2022-10-12 17:35:43,296:INFO:sklearn==1.0.2
2022-10-12 17:36:17,522:INFO:PyCaret Supervised Module
2022-10-12 17:36:17,522:INFO:ML Usecase: classification
2022-10-12 17:36:17,522:INFO:version 2.3.10
2022-10-12 17:36:17,522:INFO:Initializing setup()
2022-10-12 17:36:17,522:INFO:setup(target=app_complete_flag, ml_usecase=classification, available_plots={'parameter': 'Hyperparameters', 'auc': 'AUC', 'confusion_matrix': 'Confusion Matrix', 'threshold': 'Threshold', 'pr': 'Precision Recall', 'error': 'Prediction Error', 'class_report': 'Class Report', 'rfe': 'Feature Selection', 'learning': 'Learning Curve', 'manifold': 'Manifold Learning', 'calibration': 'Calibration Curve', 'vc': 'Validation Curve', 'dimension': 'Dimensions', 'feature': 'Feature Importance', 'feature_all': 'Feature Importance (All)', 'boundary': 'Decision Boundary', 'lift': 'Lift Chart', 'gain': 'Gain Chart', 'tree': 'Decision Tree', 'ks': 'KS Statistic Plot'}, train_size=0.7, test_data=None, preprocess=True, imputation_type=simple, iterative_imputation_iters=5, categorical_features=None, categorical_imputation=constant, categorical_iterative_imputer=lightgbm, ordinal_features=None, high_cardinality_features=None, high_cardinality_method=frequency, numeric_features=None, numeric_imputation=mean, numeric_iterative_imputer=lightgbm, date_features=None, ignore_features=None, normalize=False, normalize_method=zscore, transformation=False, transformation_method=yeo-johnson, handle_unknown_categorical=True, unknown_categorical_method=least_frequent, pca=False, pca_method=linear, pca_components=None, ignore_low_variance=False, combine_rare_levels=False, rare_level_threshold=0.1, bin_numeric_features=None, remove_outliers=False, outliers_threshold=0.05, remove_multicollinearity=False, multicollinearity_threshold=0.9, remove_perfect_collinearity=True, create_clusters=False, cluster_iter=20, polynomial_features=False, polynomial_degree=2, trigonometry_features=False, polynomial_threshold=0.1, group_features=None, group_names=None, feature_selection=False, feature_selection_threshold=0.8, feature_selection_method=classic, feature_interaction=False, feature_ratio=False, interaction_threshold=0.01, fix_imbalance=False, fix_imbalance_method=None, transform_target=False, transform_target_method=box-cox, data_split_shuffle=True, data_split_stratify=False, fold_strategy=stratifiedkfold, fold=10, fold_shuffle=False, fold_groups=None, n_jobs=-1, use_gpu=False, custom_pipeline=None, html=True, session_id=None, log_experiment=False, experiment_name=None, experiment_custom_tags=None, log_plots=False, log_profile=False, log_data=False, silent=False, verbose=True, profile=False, profile_kwargs=None, display=None)
2022-10-12 17:36:17,522:INFO:Checking environment
2022-10-12 17:36:17,522:INFO:python_version: 3.9.12
2022-10-12 17:36:17,522:INFO:python_build: ('main', 'Apr  5 2022 06:56:58')
2022-10-12 17:36:17,522:INFO:machine: x86_64
2022-10-12 17:36:17,522:INFO:platform: Linux-5.15.0-50-generic-x86_64-with-glibc2.35
2022-10-12 17:36:17,522:INFO:Memory: svmem(total=16700116992, available=6270140416, percent=62.5, used=9768546304, free=1121656832, active=1774178304, inactive=12492075008, buffers=444592128, cached=5365321728, shared=324640768, slab=808243200)
2022-10-12 17:36:17,523:INFO:Physical Core: 6
2022-10-12 17:36:17,523:INFO:Logical Core: 12
2022-10-12 17:36:17,523:INFO:Checking libraries
2022-10-12 17:36:17,523:INFO:pd==1.4.2
2022-10-12 17:36:17,523:INFO:numpy==1.21.5
2022-10-12 17:36:17,523:INFO:sklearn==1.0.2
2022-10-12 17:37:31,723:INFO:Initializing create_model()
2022-10-12 17:37:31,723:INFO:create_model(estimator=dt, fold=None, round=4, cross_validation=True, predict=True, fit_kwargs=None, groups=None, refit=True, verbose=True, system=True, metrics=None, experiment_custom_tags=None, add_to_model_list=True, probability_threshold=None, display=None, return_train_score=False, kwargs={})
2022-10-12 17:37:31,723:INFO:Checking exceptions
